Make daily map aoml
Import reference grid
Reference grid imported
2010-01-01 00:00:00
2010
Traceback (most recent call last):
  File "index.pyx", line 609, in pandas._libs.index.DatetimeEngine.get_loc
  File "pandas/_libs/hashtable_class_helper.pxi", line 2606, in pandas._libs.hashtable.Int64HashTable.get_item
  File "pandas/_libs/hashtable_class_helper.pxi", line 2630, in pandas._libs.hashtable.Int64HashTable.get_item
KeyError: 1262304000000000000

During handling of the above exception, another exception occurred:

Traceback (most recent call last):
  File "/Odyssey/private/t22picar/miniforge3/envs/4dvarnet-daniel/lib/python3.10/site-packages/pandas/core/indexes/base.py", line 3805, in get_loc
    return self._engine.get_loc(casted_key)
  File "index.pyx", line 577, in pandas._libs.index.DatetimeEngine.get_loc
  File "index.pyx", line 611, in pandas._libs.index.DatetimeEngine.get_loc
KeyError: Timestamp('2010-01-01 00:00:00')

The above exception was the direct cause of the following exception:

Traceback (most recent call last):
  File "/Odyssey/private/t22picar/miniforge3/envs/4dvarnet-daniel/lib/python3.10/site-packages/pandas/core/indexes/datetimes.py", line 630, in get_loc
    return Index.get_loc(self, key)
  File "/Odyssey/private/t22picar/miniforge3/envs/4dvarnet-daniel/lib/python3.10/site-packages/pandas/core/indexes/base.py", line 3812, in get_loc
    raise KeyError(key) from err
KeyError: Timestamp('2010-01-01 00:00:00')

The above exception was the direct cause of the following exception:

Traceback (most recent call last):
  File "/Odyssey/private/t22picar/miniforge3/envs/4dvarnet-daniel/lib/python3.10/site-packages/xarray/core/indexes.py", line 789, in sel
    indexer = self.index.get_loc(label_value)
  File "/Odyssey/private/t22picar/miniforge3/envs/4dvarnet-daniel/lib/python3.10/site-packages/pandas/core/indexes/datetimes.py", line 632, in get_loc
    raise KeyError(orig_key) from err
KeyError: '2010-01-01'

The above exception was the direct cause of the following exception:

Traceback (most recent call last):
  File "/Odyssey/private/t22picar/process_data/drifters/make_daily_uv_map_cmems_00m.py", line 66, in <module>
    day_ds_drifter = ds_drifter.sel(date = current_date.strftime("%Y-%m-%d"))
  File "/Odyssey/private/t22picar/miniforge3/envs/4dvarnet-daniel/lib/python3.10/site-packages/xarray/core/dataset.py", line 3184, in sel
    query_results = map_index_queries(
  File "/Odyssey/private/t22picar/miniforge3/envs/4dvarnet-daniel/lib/python3.10/site-packages/xarray/core/indexing.py", line 193, in map_index_queries
    results.append(index.sel(labels, **options))
  File "/Odyssey/private/t22picar/miniforge3/envs/4dvarnet-daniel/lib/python3.10/site-packages/xarray/core/indexes.py", line 791, in sel
    raise KeyError(
KeyError: "not all values found in index 'date'. Try setting the `method` keyword argument (example: method='nearest')."
srun: error: sl-mee-br-206: task 0: Exited with exit code 1
srun: Terminating StepId=20820.0
